<?xml version="1.0" encoding="UTF-8"?>
<!-- Generated by org.testng.reporters.JUnitReportReporter -->
<testsuite skipped="0" hostname="DESKTOP-AVA47U8" name="testCases.LoginPageTest" tests="1" failures="0" timestamp="2021-01-14T20:54:49 CST" time="2.286" errors="0">
  <testcase name="loginTest" time="2.286" classname="testCases.LoginPageTest"/>
  <system-out/>
</testsuite> <!-- testCases.LoginPageTest -->
